16:46:57.887 [main] INFO  com.ben.client.AppUI - the welcome page
19:13:34.366 [main] INFO  com.ben.client.AppUI - the welcome page
19:46:41.978 [main] INFO  com.ben.client.AppUI - the welcome page
19:46:43.214 [main] INFO  com.ben.client.AppUI - the welcome page
20:01:49.268 [main] INFO  com.ben.client.AppUI - the welcome page
21:33:36.899 [main] INFO  com.ben.client.AppUI - the welcome page
21:33:45.542 [main] INFO  com.ben.client.AppUI - the welcome page
07:02:17.802 [main] INFO  com.ben.client.AppUI - the welcome page
07:02:55.669 [main] INFO  com.ben.client.AppUI - the welcome page
07:02:57.397 [main] INFO  com.ben.client.AppUI - the welcome page
07:03:44.497 [main] INFO  com.ben.client.AppUI - the welcome page
07:03:46.020 [main] INFO  com.ben.client.AppUI - the welcome page
07:06:51.313 [main] INFO  com.ben.client.AppUI - the welcome page
07:06:52.997 [main] INFO  com.ben.client.AppUI - the welcome page
07:07:00.465 [main] INFO  com.ben.client.AppUI - the welcome page
07:07:57.577 [main] INFO  com.ben.client.AppUI - the welcome page
07:08:36.191 [main] INFO  com.ben.client.AppUI - the welcome page
07:08:37.861 [main] INFO  com.ben.client.AppUI - the welcome page
07:08:54.020 [main] INFO  com.ben.client.AppUI - the welcome page
07:09:48.590 [main] INFO  com.ben.client.AppUI - the welcome page
07:10:21.863 [main] INFO  com.ben.client.AppUI - the welcome page
07:10:23.545 [main] INFO  com.ben.client.AppUI - the welcome page
07:10:59.752 [main] INFO  com.ben.client.AppUI - the welcome page
07:11:29.637 [main] INFO  com.ben.client.AppUI - the welcome page
07:12:12.378 [main] INFO  com.ben.client.AppUI - the welcome page
07:12:20.426 [main] INFO  com.ben.client.AppUI - the welcome page
07:12:21.530 [main] INFO  com.ben.client.AppUI - the welcome page
07:12:42.663 [main] INFO  com.ben.client.AppUI - the welcome page
07:12:51.804 [main] INFO  com.ben.client.AppUI - the welcome page
07:12:52.939 [main] INFO  com.ben.client.AppUI - the welcome page
07:14:16.696 [main] INFO  com.ben.client.AppUI - the welcome page
07:14:18.552 [main] INFO  com.ben.client.AppUI - the welcome page
07:14:30.607 [main] INFO  com.ben.client.AppUI - the welcome page
07:14:31.851 [main] INFO  com.ben.client.AppUI - the welcome page
07:15:04.273 [main] INFO  com.ben.client.AppUI - the welcome page
07:15:09.400 [main] INFO  com.ben.client.AppUI - the welcome page
07:21:48.585 [main] INFO  com.ben.client.AppUI - the welcome page
07:21:54.517 [main] INFO  com.ben.client.AppUI - the welcome page
07:22:08.574 [main] INFO  com.ben.client.AppUI - the welcome page
07:22:13.147 [main] INFO  com.ben.client.AppUI - the welcome page
07:22:28.339 [main] INFO  com.ben.client.AppUI - the welcome page
07:22:32.572 [main] INFO  com.ben.client.AppUI - the welcome page
07:23:01.145 [main] INFO  com.ben.client.AppUI - the welcome page
07:23:04.949 [main] INFO  com.ben.client.AppUI - the welcome page
07:34:17.308 [main] INFO  com.ben.client.AppUI - the welcome page
07:34:23.088 [main] INFO  com.ben.client.AppUI - the welcome page
07:35:42.911 [main] INFO  com.ben.client.AppUI - the welcome page
07:35:46.325 [main] INFO  com.ben.client.AppUI - the welcome page
07:42:22.106 [main] INFO  com.ben.client.AppUI - the welcome page
07:42:40.522 [main] INFO  com.ben.client.AppUI - the welcome page
07:42:54.668 [main] INFO  com.ben.client.AppUI - the welcome page
07:43:00.655 [main] INFO  com.ben.client.AppUI - the welcome page
08:07:13.617 [main] INFO  com.ben.client.AppUI - the welcome page
08:07:19.814 [main] INFO  com.ben.client.AppUI - the welcome page
08:50:56.301 [main] INFO  com.ben.client.AppUI - the welcome page
08:51:49.390 [main] INFO  com.ben.client.AppUI - the welcome page
09:10:55.987 [main] INFO  com.ben.client.AppUI - the welcome page
09:13:21.523 [main] INFO  com.ben.client.AppUI - the welcome page
09:13:32.880 [main] INFO  com.ben.client.AppUI - the welcome page
09:16:28.974 [main] INFO  com.ben.client.AppUI - the welcome page
09:16:47.030 [main] INFO  com.ben.client.AppUI - the welcome page
12:09:06.808 [main] INFO  com.ben.client.AppUI - the welcome page
12:09:37.389 [main] INFO  com.ben.client.AppUI - the welcome page
12:09:40.536 [main] INFO  com.ben.client.AppUI - the welcome page
12:29:17.518 [main] INFO  com.ben.client.AppUI - the welcome page
12:40:34.537 [main] INFO  com.ben.client.AppUI - the welcome page
12:40:59.250 [main] INFO  com.ben.client.AppUI - the welcome page
12:53:13.573 [main] INFO  com.ben.client.AppUI - the welcome page
13:08:31.275 [main] INFO  com.ben.client.AppUI - the welcome page
13:11:13.563 [main] INFO  com.ben.client.AppUI - the welcome page
13:12:10.356 [main] INFO  com.ben.client.AppUI - the welcome page
13:13:11.010 [main] INFO  com.ben.client.AppUI - the welcome page
13:44:34.395 [main] INFO  com.ben.client.AppUI - the welcome page
13:45:04.619 [main] INFO  com.ben.client.AppUI - the welcome page
13:49:38.266 [main] INFO  com.ben.client.AppUI - the welcome page
14:37:08.873 [main] INFO  com.ben.client.AppUI - the welcome page
14:37:11.894 [main] INFO  com.ben.client.AppUI - the welcome page
14:48:29.673 [main] INFO  com.ben.client.AppUI - the welcome page
14:48:41.164 [main] INFO  com.ben.client.AppUI - the welcome page
14:48:53.511 [main] INFO  com.ben.client.AppUI - the welcome page
14:48:54.641 [main] INFO  com.ben.client.AppUI - the welcome page
14:50:15.550 [main] INFO  com.ben.client.AppUI - the welcome page
14:50:28.464 [main] INFO  com.ben.client.AppUI - the welcome page
14:50:29.953 [main] INFO  com.ben.client.AppUI - the welcome page
14:51:52.275 [main] INFO  com.ben.client.AppUI - the welcome page
14:53:05.672 [main] INFO  com.ben.client.AppUI - the welcome page
14:55:03.288 [main] INFO  com.ben.client.AppUI - the welcome page
14:55:09.968 [main] INFO  com.ben.client.AppUI - the welcome page
14:55:13.699 [main] INFO  com.ben.client.AppUI - the welcome page
14:56:08.105 [main] INFO  com.ben.client.AppUI - the welcome page
15:06:42.975 [main] INFO  com.ben.client.AppUI - the welcome page
15:07:11.185 [main] INFO  com.ben.client.AppUI - the welcome page
15:07:25.331 [main] INFO  com.ben.client.AppUI - the welcome page
15:07:50.260 [main] INFO  com.ben.client.AppUI - the welcome page
15:11:53.956 [main] INFO  com.ben.client.AppUI - the welcome page
15:24:57.917 [main] INFO  com.ben.client.AppUI - the welcome page
15:25:37.953 [main] INFO  com.ben.client.AppUI - the welcome page
15:25:46.773 [main] INFO  com.ben.client.AppUI - the welcome page
15:25:48.670 [main] INFO  com.ben.client.AppUI - the welcome page
15:30:34.280 [main] INFO  com.ben.client.AppUI - the welcome page
15:39:33.764 [main] INFO  com.ben.client.AppUI - the welcome page
15:39:46.451 [main] INFO  com.ben.client.AppUI - the welcome page
15:42:01.103 [main] INFO  com.ben.client.AppUI - the welcome page
15:44:44.894 [main] INFO  com.ben.client.AppUI - the welcome page
15:46:46.907 [main] INFO  com.ben.client.AppUI - the welcome page
15:48:14.192 [main] INFO  com.ben.client.AppUI - the welcome page
15:49:16.380 [main] INFO  com.ben.client.AppUI - the welcome page
15:50:05.640 [main] INFO  com.ben.client.AppUI - the welcome page
15:50:33.754 [main] INFO  com.ben.client.AppUI - the welcome page
15:50:44.009 [main] INFO  com.ben.client.AppUI - the welcome page
15:50:58.319 [main] INFO  com.ben.client.AppUI - the welcome page
15:56:49.190 [main] INFO  com.ben.client.AppUI - the welcome page
15:57:27.942 [main] INFO  com.ben.client.AppUI - the welcome page
15:57:57.896 [main] INFO  com.ben.client.AppUI - the welcome page
16:07:14.822 [main] INFO  com.ben.client.AppUI - the welcome page
16:07:23.815 [main] INFO  com.ben.client.AppUI - the welcome page
16:07:27.908 [main] INFO  com.ben.client.AppUI - the welcome page
16:09:28.077 [main] INFO  com.ben.client.AppUI - the welcome page
16:09:51.816 [main] INFO  com.ben.client.AppUI - the welcome page
16:11:25.915 [main] INFO  com.ben.client.AppUI - the welcome page
16:20:13.101 [main] INFO  com.ben.client.AppUI - the welcome page
16:23:18.608 [main] INFO  com.ben.client.AppUI - the welcome page
16:24:39.842 [main] INFO  com.ben.client.AppUI - the welcome page
17:18:10.197 [main] INFO  com.ben.client.AppUI - the welcome page
17:18:44.094 [main] INFO  com.ben.client.AppUI - the welcome page
17:19:06.150 [main] INFO  com.ben.client.AppUI - the welcome page
17:19:15.369 [main] INFO  com.ben.client.AppUI - the welcome page
17:19:40.794 [main] INFO  com.ben.client.AppUI - the welcome page
17:19:41.862 [main] INFO  com.ben.client.AppUI - the welcome page
17:20:36.172 [main] INFO  com.ben.client.AppUI - the welcome page
17:20:38.327 [main] INFO  com.ben.client.AppUI - the welcome page
17:21:49.451 [main] INFO  com.ben.client.AppUI - the welcome page
17:25:43.142 [main] INFO  com.ben.client.AppUI - the welcome page
17:33:31.224 [main] INFO  com.ben.client.AppUI - the welcome page
17:36:11.319 [main] INFO  com.ben.client.AppUI - the welcome page
17:38:26.163 [main] INFO  com.ben.client.AppUI - the welcome page
18:00:19.400 [main] INFO  com.ben.client.AppUI - the welcome page
18:00:52.678 [main] INFO  com.ben.client.AppUI - the welcome page
18:03:23.477 [main] INFO  com.ben.client.AppUI - the welcome page
18:03:41.906 [main] INFO  com.ben.client.AppUI - the welcome page
18:22:22.526 [main] INFO  com.ben.client.AppUI - the welcome page
18:23:26.213 [main] INFO  com.ben.client.AppUI - the welcome page
18:24:05.924 [main] INFO  com.ben.client.AppUI - the welcome page
18:24:56.171 [main] INFO  com.ben.client.AppUI - the welcome page
18:25:40.792 [main] INFO  com.ben.client.AppUI - the welcome page
18:25:50.867 [main] INFO  com.ben.client.AppUI - the welcome page
18:26:40.253 [main] INFO  com.ben.client.AppUI - the welcome page
18:27:19.307 [main] INFO  com.ben.client.AppUI - the welcome page
18:27:53.664 [main] INFO  com.ben.client.AppUI - the welcome page
18:28:40.152 [main] INFO  com.ben.client.AppUI - the welcome page
18:28:54.782 [main] INFO  com.ben.client.AppUI - the welcome page
18:29:03.975 [main] INFO  com.ben.client.AppUI - the welcome page
18:30:40.811 [main] INFO  com.ben.client.AppUI - the welcome page
18:31:24.748 [main] INFO  com.ben.client.AppUI - the welcome page
18:34:07.024 [main] INFO  com.ben.client.AppUI - the welcome page
18:39:56.322 [main] INFO  com.ben.client.AppUI - the welcome page
18:47:55.315 [main] INFO  com.ben.client.AppUI - the welcome page
18:55:09.715 [main] INFO  com.ben.client.AppUI - the welcome page
18:55:23.649 [main] INFO  com.ben.client.AppUI - the welcome page
18:56:35.210 [main] INFO  com.ben.client.AppUI - the welcome page
18:57:49.056 [main] INFO  com.ben.client.AppUI - the welcome page
19:00:50.159 [main] INFO  com.ben.client.AppUI - the welcome page
19:04:50.853 [main] INFO  com.ben.client.AppUI - the welcome page
19:05:34.509 [main] INFO  com.ben.client.AppUI - the welcome page
19:07:16.193 [main] INFO  com.ben.client.AppUI - the welcome page
19:10:09.485 [main] INFO  com.ben.client.AppUI - the welcome page
19:11:08.757 [main] INFO  com.ben.client.AppUI - the welcome page
19:13:34.418 [main] INFO  com.ben.client.AppUI - the welcome page
19:14:25.243 [main] INFO  com.ben.client.AppUI - the welcome page
19:16:12.692 [main] INFO  com.ben.client.AppUI - the welcome page
19:16:39.004 [main] INFO  com.ben.client.AppUI - the welcome page
19:17:15.232 [main] INFO  com.ben.client.AppUI - the welcome page
19:17:29.077 [main] INFO  com.ben.client.AppUI - the welcome page
19:17:55.969 [main] INFO  com.ben.client.AppUI - the welcome page
19:20:49.370 [main] INFO  com.ben.client.AppUI - the welcome page
19:20:56.273 [main] INFO  com.ben.client.AppUI - the welcome page
19:26:31.665 [main] INFO  com.ben.client.AppUI - the welcome page
19:31:37.376 [main] INFO  com.ben.client.AppUI - the welcome page
19:58:31.459 [main] INFO  com.ben.client.AppUI - the welcome page
19:59:08.888 [main] INFO  com.ben.client.AppUI - the welcome page
20:00:34.991 [main] INFO  com.ben.client.AppUI - the welcome page
20:02:32.683 [main] INFO  com.ben.client.AppUI - the welcome page
20:03:19.587 [main] INFO  com.ben.client.AppUI - the welcome page
20:03:59.851 [main] INFO  com.ben.client.AppUI - the welcome page
20:04:39.246 [main] INFO  com.ben.client.AppUI - the welcome page
20:06:15.331 [main] INFO  com.ben.client.AppUI - the welcome page
20:06:26.539 [main] INFO  com.ben.client.AppUI - the welcome page
20:07:32.539 [main] INFO  com.ben.client.AppUI - the welcome page
20:07:57.386 [main] INFO  com.ben.client.AppUI - the welcome page
20:09:42.763 [main] INFO  com.ben.client.AppUI - the welcome page
20:14:46.713 [main] INFO  com.ben.client.AppUI - the welcome page
20:15:01.671 [main] INFO  com.ben.client.AppUI - the welcome page
20:17:24.526 [main] INFO  com.ben.client.AppUI - the welcome page
20:18:36.999 [main] INFO  com.ben.client.AppUI - the welcome page
20:19:25.149 [main] INFO  com.ben.client.AppUI - the welcome page
20:23:16.823 [main] INFO  com.ben.client.AppUI - the welcome page
20:23:27.863 [main] INFO  com.ben.client.AppUI - the welcome page
20:33:10.818 [main] INFO  com.ben.client.AppUI - the welcome page
20:35:44.632 [main] INFO  com.ben.client.AppUI - the welcome page
20:48:38.026 [main] INFO  com.ben.client.AppUI - the welcome page
20:49:16.043 [main] INFO  com.ben.client.AppUI - the welcome page
20:50:42.703 [main] INFO  com.ben.client.AppUI - the welcome page
21:13:47.809 [main] INFO  com.ben.client.AppUI - the welcome page
21:15:23.411 [main] INFO  com.ben.client.AppUI - the welcome page
21:18:28.626 [main] INFO  com.ben.client.AppUI - the welcome page
21:20:21.045 [main] INFO  com.ben.client.AppUI - the welcome page
21:20:51.772 [main] INFO  com.ben.client.AppUI - the welcome page
21:22:18.930 [main] INFO  com.ben.client.AppUI - the welcome page
21:28:03.182 [main] INFO  com.ben.client.AppUI - the welcome page
21:30:52.452 [main] INFO  com.ben.client.AppUI - the welcome page
21:32:25.825 [main] INFO  com.ben.client.AppUI - the welcome page
23:20:11.816 [main] INFO  com.ben.client.AppUI - the welcome page
23:21:04.734 [main] INFO  com.ben.client.AppUI - the welcome page
23:27:38.896 [main] INFO  com.ben.client.AppUI - the welcome page
23:33:00.087 [main] INFO  com.ben.client.AppUI - the welcome page
23:34:23.796 [main] INFO  com.ben.client.AppUI - the welcome page
23:35:53.778 [main] INFO  com.ben.client.AppUI - the welcome page
23:39:42.842 [main] INFO  com.ben.client.AppUI - the welcome page
23:40:43.962 [main] INFO  com.ben.client.AppUI - the welcome page
23:43:18.491 [main] INFO  com.ben.client.AppUI - the welcome page
23:44:10.758 [main] INFO  com.ben.client.AppUI - the welcome page
23:44:35.553 [main] INFO  com.ben.client.AppUI - the welcome page
23:55:44.269 [main] INFO  com.ben.client.AppUI - the welcome page
00:00:30.326 [main] INFO  com.ben.client.AppUI - the welcome page
00:01:59.208 [main] INFO  com.ben.client.AppUI - the welcome page
00:05:13.531 [main] INFO  com.ben.client.AppUI - the welcome page
00:07:05.139 [main] INFO  com.ben.client.AppUI - the welcome page
00:08:59.966 [main] INFO  com.ben.client.AppUI - the welcome page
00:53:02.495 [main] INFO  com.ben.client.AppUI - the welcome page
01:00:05.188 [main] INFO  com.ben.client.AppUI - the welcome page
01:04:21.485 [main] INFO  com.ben.client.AppUI - the welcome page
01:04:54.144 [main] INFO  com.ben.client.AppUI - the welcome page
01:06:46.571 [main] INFO  com.ben.client.AppUI - the welcome page
01:07:28.493 [main] INFO  com.ben.client.AppUI - the welcome page
01:11:17.386 [main] INFO  com.ben.client.AppUI - the welcome page
01:11:58.895 [main] INFO  com.ben.client.AppUI - the welcome page
01:12:58.117 [main] INFO  com.ben.client.AppUI - the welcome page
01:21:51.148 [main] INFO  com.ben.client.AppUI - the welcome page
01:23:44.279 [main] INFO  com.ben.client.AppUI - the welcome page
01:26:14.269 [main] INFO  com.ben.client.AppUI - the welcome page
01:28:07.311 [main] INFO  com.ben.client.AppUI - the welcome page
01:28:09.309 [main] INFO  com.ben.client.AppUI - the welcome page
01:29:32.325 [main] INFO  com.ben.client.AppUI - the welcome page
01:29:34.111 [main] INFO  com.ben.client.AppUI - the welcome page
08:41:11.684 [main] INFO  com.ben.client.AppUI - the welcome page
08:41:16.527 [main] INFO  com.ben.client.AppUI - the welcome page
08:41:22.026 [main] INFO  com.ben.client.AppUI - the welcome page
12:41:54.986 [main] INFO  com.ben.client.AppUI - the welcome page
12:42:40.796 [main] INFO  com.ben.client.AppUI - the welcome page
12:52:27.046 [main] INFO  com.ben.client.AppUI - the welcome page
12:52:32.169 [main] INFO  com.ben.client.AppUI - the welcome page
12:52:36.325 [main] INFO  com.ben.client.AppUI - the welcome page
12:52:39.148 [main] INFO  com.ben.client.AppUI - the welcome page
12:53:22.945 [main] INFO  com.ben.client.AppUI - the welcome page
12:53:24.789 [main] INFO  com.ben.client.AppUI - the welcome page
12:53:36.844 [main] INFO  com.ben.client.AppUI - the welcome page
12:53:38.532 [main] INFO  com.ben.client.AppUI - the welcome page
12:54:20.853 [main] INFO  com.ben.client.AppUI - the welcome page
12:54:22.770 [main] INFO  com.ben.client.AppUI - the welcome page
13:07:08.621 [main] INFO  com.ben.client.AppUI - the welcome page
13:07:15.018 [main] INFO  com.ben.client.AppUI - the welcome page
13:07:51.855 [main] INFO  com.ben.client.AppUI - the welcome page
13:07:58.259 [main] INFO  com.ben.client.AppUI - the welcome page
13:08:35.684 [main] INFO  com.ben.client.AppUI - the welcome page
13:09:24.681 [main] INFO  com.ben.client.AppUI - the welcome page
13:09:31.205 [main] INFO  com.ben.client.AppUI - the welcome page
13:10:21.780 [main] INFO  com.ben.client.AppUI - the welcome page
13:11:55.741 [main] INFO  com.ben.client.AppUI - the welcome page
13:25:45.285 [main] INFO  com.ben.client.AppUI - the welcome page
13:25:50.759 [main] INFO  com.ben.client.AppUI - the welcome page
13:26:02.177 [main] INFO  com.ben.client.AppUI - the welcome page
13:29:15.129 [main] INFO  com.ben.client.AppUI - the welcome page
13:29:20.056 [main] INFO  com.ben.client.AppUI - the welcome page
13:29:41.034 [main] INFO  com.ben.client.AppUI - the welcome page
13:29:44.889 [main] INFO  com.ben.client.AppUI - the welcome page
13:29:58.529 [main] INFO  com.ben.client.AppUI - the welcome page
13:30:03.275 [main] INFO  com.ben.client.AppUI - the welcome page
13:30:11.782 [main] INFO  com.ben.client.AppUI - the welcome page
13:31:34.863 [main] INFO  com.ben.client.AppUI - the welcome page
13:31:38.838 [main] INFO  com.ben.client.AppUI - the welcome page
13:31:50.454 [main] INFO  com.ben.client.AppUI - the welcome page
13:31:55.256 [main] INFO  com.ben.client.AppUI - the welcome page
13:32:01.874 [main] INFO  com.ben.client.AppUI - the welcome page
13:35:12.153 [main] INFO  com.ben.client.AppUI - the welcome page
13:35:19.899 [main] INFO  com.ben.client.AppUI - the welcome page
13:35:25.557 [main] INFO  com.ben.client.AppUI - the welcome page
13:41:03.198 [main] INFO  com.ben.client.AppUI - the welcome page
13:41:08.064 [main] INFO  com.ben.client.AppUI - the welcome page
13:41:17.684 [main] INFO  com.ben.client.AppUI - the welcome page
16:18:12.132 [main] INFO  com.ben.client.AppUI - the welcome page
16:18:22.177 [main] INFO  com.ben.client.AppUI - the welcome page
16:56:22.122 [main] INFO  com.ben.client.AppUI - the welcome page
16:56:27.152 [main] INFO  com.ben.client.AppUI - the welcome page
16:56:33.127 [main] INFO  com.ben.client.AppUI - the welcome page
17:47:35.601 [main] INFO  com.ben.client.AppUI - the welcome page
17:52:50.554 [main] INFO  com.ben.client.AppUI - the welcome page
17:53:35.796 [main] INFO  com.ben.client.AppUI - the welcome page
17:54:12.597 [main] INFO  com.ben.client.AppUI - the welcome page
17:55:32.309 [main] INFO  com.ben.client.AppUI - the welcome page
18:21:58.730 [main] INFO  com.ben.client.AppUI - the welcome page
18:36:35.110 [main] INFO  com.ben.client.AppUI - the welcome page
18:36:59.472 [main] INFO  com.ben.client.AppUI - the welcome page
18:39:38.204 [main] INFO  com.ben.client.AppUI - the welcome page
18:44:47.894 [main] INFO  com.ben.client.AppUI - the welcome page
19:00:19.013 [main] INFO  com.ben.client.AppUI - the welcome page
19:00:56.568 [main] INFO  com.ben.client.AppUI - the welcome page
19:02:23.364 [main] INFO  com.ben.client.AppUI - the welcome page
19:02:26.623 [main] INFO  com.ben.client.AppUI - the welcome page
19:02:38.870 [main] INFO  com.ben.client.AppUI - the welcome page
19:04:35.488 [main] INFO  com.ben.client.AppUI - the welcome page
19:16:17.309 [main] INFO  com.ben.client.AppUI - the welcome page
19:16:43.962 [main] INFO  com.ben.client.AppUI - the welcome page
19:44:54.244 [main] INFO  com.ben.client.AppUI - the welcome page
19:46:07.293 [main] INFO  com.ben.client.AppUI - the welcome page
19:47:18.491 [main] INFO  com.ben.client.AppUI - the welcome page
19:51:18.397 [main] INFO  com.ben.client.AppUI - the welcome page
20:16:39.009 [main] INFO  com.ben.client.AppUI - the welcome page
20:19:55.311 [main] INFO  com.ben.client.AppUI - the welcome page
20:23:01.681 [main] INFO  com.ben.client.AppUI - the welcome page
20:25:52.386 [main] INFO  com.ben.client.AppUI - the welcome page
20:25:56.518 [main] INFO  com.ben.client.AppUI - the welcome page
20:28:15.979 [main] INFO  com.ben.client.AppUI - the welcome page
20:39:12.816 [main] INFO  com.ben.client.AppUI - the welcome page
21:08:48.800 [main] INFO  com.ben.client.AppUI - the welcome page
21:09:15.688 [main] INFO  com.ben.client.AppUI - the welcome page
21:10:32.197 [main] INFO  com.ben.client.AppUI - the welcome page
21:11:17.458 [main] INFO  com.ben.client.AppUI - the welcome page
21:12:15.740 [main] INFO  com.ben.client.AppUI - the welcome page
21:12:38.188 [main] INFO  com.ben.client.AppUI - the welcome page
21:24:35.884 [main] INFO  com.ben.client.AppUI - the welcome page
04:15:55.852 [main] INFO  com.ben.client.AppUI - the welcome page of customer
04:15:57.430 [main] INFO  com.ben.client.AppUI - the login page of customer
04:16:00.192 [main] INFO  com.ben.client.AppUI - the welcome page of customer
04:16:02.783 [main] INFO  com.ben.client.AppUI - the login page of customer
04:16:10.793 [main] INFO  com.ben.client.AppUI - the welcome page of customer
04:16:23.510 [main] INFO  com.ben.client.AppUI - the login page of customer
04:17:00.348 [main] INFO  c.b.repository.CoffeeRepositoryImpl - sql query, select * from coffees_table
04:17:15.754 [main] INFO  com.ben.client.AppUI - the welcome page of customer
06:30:27.922 [main] INFO  com.ben.client.AppUI - the welcome page of customer
06:30:30.849 [main] INFO  com.ben.client.AppUI - the login page of customer
06:30:32.493 [main] INFO  c.b.r.CustomerRepositoryImpl - sql query, select * from customers_table
06:30:33.186 [main] INFO  com.ben.util.ConnectionFactory - connection to db successful
06:30:33.213 [main] INFO  com.ben.util.ResourceCloser - connection closed
06:30:33.213 [main] INFO  com.ben.util.ResourceCloser - set closed
06:30:33.213 [main] INFO  com.ben.util.ResourceCloser - statement closed
06:30:33.213 [main] INFO  c.b.r.CustomerRepositoryImpl - sql query, select * from customers_table
06:30:33.424 [main] INFO  com.ben.util.ConnectionFactory - connection to db successful
06:30:33.440 [main] INFO  com.ben.util.ResourceCloser - connection closed
06:30:33.440 [main] INFO  com.ben.util.ResourceCloser - set closed
06:30:33.440 [main] INFO  com.ben.util.ResourceCloser - statement closed
06:30:33.440 [main] INFO  com.ben.client.AppUI - the welcome page of customer
06:30:47.666 [main] INFO  com.ben.client.AppUI - the welcome page of customer
06:30:49.370 [main] INFO  com.ben.client.AppUI - the welcome page of customer
06:30:52.189 [main] INFO  com.ben.client.AppUI - the login page of customer
06:30:54.173 [main] INFO  c.b.r.CustomerRepositoryImpl - sql query, select * from customers_table
06:30:54.894 [main] INFO  com.ben.util.ConnectionFactory - connection to db successful
06:30:54.924 [main] INFO  com.ben.util.ResourceCloser - connection closed
06:30:54.924 [main] INFO  com.ben.util.ResourceCloser - set closed
06:30:54.924 [main] INFO  com.ben.util.ResourceCloser - statement closed
06:30:54.924 [main] INFO  c.b.r.CustomerRepositoryImpl - sql query, select * from customers_table
06:30:55.171 [main] INFO  com.ben.util.ConnectionFactory - connection to db successful
06:30:55.187 [main] INFO  com.ben.util.ResourceCloser - connection closed
06:30:55.188 [main] INFO  com.ben.util.ResourceCloser - set closed
06:30:55.188 [main] INFO  com.ben.util.ResourceCloser - statement closed
06:30:55.188 [main] INFO  c.b.repository.WalletRepositoryImpl - sql query, select * from accounts_table where account_to_customer_id = customer.getCustomerID()
06:30:55.423 [main] INFO  com.ben.util.ConnectionFactory - connection to db successful
06:30:55.438 [main] INFO  com.ben.util.ResourceCloser - connection closed
06:30:55.438 [main] INFO  com.ben.util.ResourceCloser - set closed
06:30:55.438 [main] INFO  com.ben.util.ResourceCloser - statement closed
06:31:10.531 [main] INFO  c.b.r.CustomerRepositoryImpl - sql query, select * from profiles_table where profile_to_customers_id = customerID
06:31:10.705 [main] INFO  com.ben.util.ConnectionFactory - connection to db successful
06:31:10.718 [main] INFO  com.ben.util.ResourceCloser - connection closed
06:31:10.719 [main] INFO  com.ben.util.ResourceCloser - set closed
06:31:10.719 [main] INFO  com.ben.util.ResourceCloser - statement closed
06:31:15.177 [main] INFO  c.b.repository.WalletRepositoryImpl - sql query, insert into profile_table_accounts_table values(?, ?);
06:31:15.395 [main] INFO  com.ben.util.ConnectionFactory - connection to db successful
06:31:15.427 [main] INFO  com.ben.util.ResourceCloser - connection closed
06:31:15.427 [main] INFO  com.ben.util.ResourceCloser - statement closed
06:32:11.421 [main] INFO  com.ben.client.AppUI - the welcome page of customer
06:32:12.961 [main] INFO  com.ben.client.AppUI - the login page of customer
06:32:14.355 [main] INFO  c.b.r.CustomerRepositoryImpl - sql query, select * from customers_table
06:32:15.154 [main] INFO  com.ben.util.ConnectionFactory - connection to db successful
06:32:15.193 [main] INFO  com.ben.util.ResourceCloser - connection closed
06:32:15.194 [main] INFO  com.ben.util.ResourceCloser - set closed
06:32:15.194 [main] INFO  com.ben.util.ResourceCloser - statement closed
06:32:15.194 [main] INFO  c.b.r.CustomerRepositoryImpl - sql query, select * from customers_table
06:32:15.443 [main] INFO  com.ben.util.ConnectionFactory - connection to db successful
06:32:15.458 [main] INFO  com.ben.util.ResourceCloser - connection closed
06:32:15.458 [main] INFO  com.ben.util.ResourceCloser - set closed
06:32:15.458 [main] INFO  com.ben.util.ResourceCloser - statement closed
06:32:15.459 [main] INFO  c.b.repository.WalletRepositoryImpl - sql query, select * from accounts_table where account_to_customer_id = customer.getCustomerID()
06:32:15.685 [main] INFO  com.ben.util.ConnectionFactory - connection to db successful
06:32:15.702 [main] INFO  com.ben.util.ResourceCloser - connection closed
06:32:15.702 [main] INFO  com.ben.util.ResourceCloser - set closed
06:32:15.702 [main] INFO  com.ben.util.ResourceCloser - statement closed
06:32:24.475 [main] INFO  c.b.repository.WalletRepositoryImpl - sql query, select * from accounts_table where account_to_customer_id = customer.getCustomerID()
06:32:24.679 [main] INFO  com.ben.util.ConnectionFactory - connection to db successful
06:32:24.694 [main] INFO  com.ben.util.ResourceCloser - connection closed
06:32:24.694 [main] INFO  com.ben.util.ResourceCloser - set closed
06:32:24.694 [main] INFO  com.ben.util.ResourceCloser - statement closed
06:32:27.211 [main] INFO  com.ben.client.AppUI - the welcome page of customer
06:32:29.184 [main] INFO  com.ben.client.AppUI - the login page of customer
06:32:30.930 [main] INFO  c.b.r.CustomerRepositoryImpl - sql query, select * from customers_table
06:32:31.112 [main] INFO  com.ben.util.ConnectionFactory - connection to db successful
06:32:31.124 [main] INFO  com.ben.util.ResourceCloser - connection closed
06:32:31.124 [main] INFO  com.ben.util.ResourceCloser - set closed
06:32:31.124 [main] INFO  com.ben.util.ResourceCloser - statement closed
06:32:31.124 [main] INFO  c.b.r.CustomerRepositoryImpl - sql query, select * from customers_table
06:32:31.334 [main] INFO  com.ben.util.ConnectionFactory - connection to db successful
06:32:31.349 [main] INFO  com.ben.util.ResourceCloser - connection closed
06:32:31.349 [main] INFO  com.ben.util.ResourceCloser - set closed
06:32:31.349 [main] INFO  com.ben.util.ResourceCloser - statement closed
06:32:31.349 [main] INFO  c.b.repository.WalletRepositoryImpl - sql query, select * from accounts_table where account_to_customer_id = customer.getCustomerID()
06:32:31.550 [main] INFO  com.ben.util.ConnectionFactory - connection to db successful
06:32:31.565 [main] INFO  com.ben.util.ResourceCloser - connection closed
06:32:31.565 [main] INFO  com.ben.util.ResourceCloser - set closed
06:32:31.565 [main] INFO  com.ben.util.ResourceCloser - statement closed
06:33:27.135 [main] INFO  com.ben.client.AppUI - the welcome page of customer
06:33:42.438 [main] INFO  com.ben.client.AppUI - the welcome page of customer
06:43:18.554 [main] INFO  com.ben.client.AppUI - the welcome page of customer
07:06:24.359 [main] INFO  com.ben.client.AppUI - the welcome page of customer
